{"/home/edu/Projects/codeWars/JavaScript/day1/disenvowel_trolls.js": {"path":"/home/edu/Projects/codeWars/JavaScript/day1/disenvowel_trolls.js","all":false,"statementMap":{"0":{"start":{"line":1,"column":0},"end":{"line":1,"column":45}},"1":{"start":{"line":2,"column":0},"end":{"line":2,"column":126}},"2":{"start":{"line":3,"column":0},"end":{"line":3,"column":104}},"3":{"start":{"line":4,"column":0},"end":{"line":4,"column":99}},"4":{"start":{"line":5,"column":0},"end":{"line":5,"column":50}},"5":{"start":{"line":6,"column":0},"end":{"line":6,"column":0}},"6":{"start":{"line":7,"column":0},"end":{"line":7,"column":33}},"7":{"start":{"line":8,"column":0},"end":{"line":8,"column":29}},"8":{"start":{"line":9,"column":0},"end":{"line":9,"column":33}},"9":{"start":{"line":10,"column":0},"end":{"line":10,"column":1}}},"s":{"0":1,"1":1,"2":1,"3":1,"4":1,"5":1,"6":1,"7":2,"8":2,"9":2},"branchMap":{"0":{"type":"branch","line":7,"loc":{"start":{"line":7,"column":7},"end":{"line":10,"column":1}},"locations":[{"start":{"line":7,"column":7},"end":{"line":10,"column":1}}]}},"b":{"0":[2]},"fnMap":{"0":{"name":"disemvowel","decl":{"start":{"line":7,"column":7},"end":{"line":10,"column":1}},"loc":{"start":{"line":7,"column":7},"end":{"line":10,"column":1}},"line":7}},"f":{"0":2}}
,"/home/edu/Projects/codeWars/JavaScript/day2/youreASquare.js": {"path":"/home/edu/Projects/codeWars/JavaScript/day2/youreASquare.js","all":false,"statementMap":{"0":{"start":{"line":1,"column":0},"end":{"line":1,"column":38}},"1":{"start":{"line":2,"column":0},"end":{"line":2,"column":26}},"2":{"start":{"line":3,"column":0},"end":{"line":3,"column":28}},"3":{"start":{"line":4,"column":0},"end":{"line":4,"column":42}},"4":{"start":{"line":5,"column":0},"end":{"line":5,"column":18}},"5":{"start":{"line":6,"column":0},"end":{"line":6,"column":2}}},"s":{"0":1,"1":3,"2":2,"3":2,"4":2,"5":2},"branchMap":{"0":{"type":"branch","line":1,"loc":{"start":{"line":1,"column":24},"end":{"line":6,"column":2}},"locations":[{"start":{"line":1,"column":24},"end":{"line":6,"column":2}}]},"1":{"type":"branch","line":2,"loc":{"start":{"line":2,"column":13},"end":{"line":2,"column":26}},"locations":[{"start":{"line":2,"column":13},"end":{"line":2,"column":26}}]},"2":{"type":"branch","line":2,"loc":{"start":{"line":2,"column":25},"end":{"line":6,"column":2}},"locations":[{"start":{"line":2,"column":25},"end":{"line":6,"column":2}}]}},"b":{"0":[3],"1":[1],"2":[2]},"fnMap":{"0":{"name":"isSquare","decl":{"start":{"line":1,"column":24},"end":{"line":6,"column":2}},"loc":{"start":{"line":1,"column":24},"end":{"line":6,"column":2}},"line":1}},"f":{"0":3}}
,"/home/edu/Projects/codeWars/JavaScript/day3/highestAndLowest.js": {"path":"/home/edu/Projects/codeWars/JavaScript/day3/highestAndLowest.js","all":false,"statementMap":{"0":{"start":{"line":1,"column":0},"end":{"line":1,"column":129}},"1":{"start":{"line":2,"column":0},"end":{"line":2,"column":8}},"2":{"start":{"line":3,"column":0},"end":{"line":3,"column":57}},"3":{"start":{"line":4,"column":0},"end":{"line":4,"column":64}},"4":{"start":{"line":5,"column":0},"end":{"line":5,"column":94}},"5":{"start":{"line":6,"column":0},"end":{"line":6,"column":0}},"6":{"start":{"line":7,"column":0},"end":{"line":7,"column":37}},"7":{"start":{"line":8,"column":0},"end":{"line":8,"column":46}},"8":{"start":{"line":9,"column":0},"end":{"line":9,"column":46}},"9":{"start":{"line":10,"column":0},"end":{"line":10,"column":25}},"10":{"start":{"line":11,"column":0},"end":{"line":11,"column":1}}},"s":{"0":1,"1":1,"2":1,"3":1,"4":1,"5":1,"6":1,"7":2,"8":2,"9":2,"10":2},"branchMap":{"0":{"type":"branch","line":7,"loc":{"start":{"line":7,"column":7},"end":{"line":11,"column":1}},"locations":[{"start":{"line":7,"column":7},"end":{"line":11,"column":1}}]}},"b":{"0":[2]},"fnMap":{"0":{"name":"highAndLow","decl":{"start":{"line":7,"column":7},"end":{"line":11,"column":1}},"loc":{"start":{"line":7,"column":7},"end":{"line":11,"column":1}},"line":7}},"f":{"0":2}}
,"/home/edu/Projects/codeWars/JavaScript/day4/toCamelCase.js": {"path":"/home/edu/Projects/codeWars/JavaScript/day4/toCamelCase.js","all":false,"statementMap":{"0":{"start":{"line":1,"column":0},"end":{"line":1,"column":35}},"1":{"start":{"line":2,"column":0},"end":{"line":2,"column":267}},"2":{"start":{"line":3,"column":0},"end":{"line":3,"column":0}},"3":{"start":{"line":4,"column":0},"end":{"line":4,"column":34}},"4":{"start":{"line":5,"column":0},"end":{"line":5,"column":51}},"5":{"start":{"line":6,"column":0},"end":{"line":6,"column":69}},"6":{"start":{"line":7,"column":0},"end":{"line":7,"column":1}}},"s":{"0":1,"1":1,"2":1,"3":1,"4":4,"5":4,"6":4},"branchMap":{"0":{"type":"branch","line":4,"loc":{"start":{"line":4,"column":7},"end":{"line":7,"column":1}},"locations":[{"start":{"line":4,"column":7},"end":{"line":7,"column":1}}]},"1":{"type":"branch","line":6,"loc":{"start":{"line":6,"column":35},"end":{"line":6,"column":67}},"locations":[{"start":{"line":6,"column":35},"end":{"line":6,"column":67}}]}},"b":{"0":[4],"1":[6]},"fnMap":{"0":{"name":"toCamelCase","decl":{"start":{"line":4,"column":7},"end":{"line":7,"column":1}},"loc":{"start":{"line":4,"column":7},"end":{"line":7,"column":1}},"line":4}},"f":{"0":4}}
,"/home/edu/Projects/codeWars/JavaScript/day5/arraySum.js": {"path":"/home/edu/Projects/codeWars/JavaScript/day5/arraySum.js","all":false,"statementMap":{"0":{"start":{"line":1,"column":0},"end":{"line":1,"column":35}},"1":{"start":{"line":2,"column":0},"end":{"line":2,"column":44}},"2":{"start":{"line":3,"column":0},"end":{"line":3,"column":60}},"3":{"start":{"line":4,"column":0},"end":{"line":4,"column":32}},"4":{"start":{"line":5,"column":0},"end":{"line":5,"column":183}},"5":{"start":{"line":6,"column":0},"end":{"line":6,"column":122}},"6":{"start":{"line":7,"column":0},"end":{"line":7,"column":0}},"7":{"start":{"line":8,"column":0},"end":{"line":8,"column":3}},"8":{"start":{"line":9,"column":0},"end":{"line":9,"column":2}},"9":{"start":{"line":10,"column":0},"end":{"line":10,"column":24}},"10":{"start":{"line":11,"column":0},"end":{"line":11,"column":2}},"11":{"start":{"line":12,"column":0},"end":{"line":12,"column":3}},"12":{"start":{"line":13,"column":0},"end":{"line":13,"column":34}},"13":{"start":{"line":14,"column":0},"end":{"line":14,"column":21}},"14":{"start":{"line":15,"column":0},"end":{"line":15,"column":17}},"15":{"start":{"line":16,"column":0},"end":{"line":16,"column":0}},"16":{"start":{"line":17,"column":0},"end":{"line":17,"column":25}},"17":{"start":{"line":18,"column":0},"end":{"line":18,"column":13}},"18":{"start":{"line":19,"column":0},"end":{"line":19,"column":3}},"19":{"start":{"line":20,"column":0},"end":{"line":20,"column":0}},"20":{"start":{"line":21,"column":0},"end":{"line":21,"column":27}},"21":{"start":{"line":22,"column":0},"end":{"line":22,"column":55}},"22":{"start":{"line":23,"column":0},"end":{"line":23,"column":42}},"23":{"start":{"line":24,"column":0},"end":{"line":24,"column":5}},"24":{"start":{"line":25,"column":0},"end":{"line":25,"column":16}},"25":{"start":{"line":26,"column":0},"end":{"line":26,"column":1}}},"s":{"0":1,"1":1,"2":1,"3":1,"4":1,"5":1,"6":1,"7":1,"8":1,"9":1,"10":1,"11":1,"12":1,"13":4,"14":4,"15":4,"16":4,"17":1,"18":1,"19":3,"20":3,"21":22,"22":22,"23":3,"24":3,"25":3},"branchMap":{"0":{"type":"branch","line":13,"loc":{"start":{"line":13,"column":7},"end":{"line":26,"column":1}},"locations":[{"start":{"line":13,"column":7},"end":{"line":26,"column":1}}]},"1":{"type":"branch","line":17,"loc":{"start":{"line":17,"column":24},"end":{"line":19,"column":3}},"locations":[{"start":{"line":17,"column":24},"end":{"line":19,"column":3}}]},"2":{"type":"branch","line":19,"loc":{"start":{"line":19,"column":2},"end":{"line":26,"column":1}},"locations":[{"start":{"line":19,"column":2},"end":{"line":26,"column":1}}]},"3":{"type":"branch","line":21,"loc":{"start":{"line":21,"column":15},"end":{"line":24,"column":3}},"locations":[{"start":{"line":21,"column":15},"end":{"line":24,"column":3}}]}},"b":{"0":[4],"1":[1],"2":[3],"3":[22]},"fnMap":{"0":{"name":"maxSequence","decl":{"start":{"line":13,"column":7},"end":{"line":26,"column":1}},"loc":{"start":{"line":13,"column":7},"end":{"line":26,"column":1}},"line":13}},"f":{"0":4}}
,"/home/edu/Projects/codeWars/JavaScript/day6/tenMinutesToWalk.js": {"path":"/home/edu/Projects/codeWars/JavaScript/day6/tenMinutesToWalk.js","all":false,"statementMap":{"0":{"start":{"line":1,"column":0},"end":{"line":1,"column":765}},"1":{"start":{"line":2,"column":0},"end":{"line":2,"column":211}},"2":{"start":{"line":3,"column":0},"end":{"line":3,"column":0}},"3":{"start":{"line":4,"column":0},"end":{"line":4,"column":3}},"4":{"start":{"line":5,"column":0},"end":{"line":5,"column":2}},"5":{"start":{"line":6,"column":0},"end":{"line":6,"column":25}},"6":{"start":{"line":7,"column":0},"end":{"line":7,"column":3}},"7":{"start":{"line":8,"column":0},"end":{"line":8,"column":35}},"8":{"start":{"line":9,"column":0},"end":{"line":9,"column":12}},"9":{"start":{"line":10,"column":0},"end":{"line":10,"column":12}},"10":{"start":{"line":11,"column":0},"end":{"line":11,"column":0}},"11":{"start":{"line":12,"column":0},"end":{"line":12,"column":26}},"12":{"start":{"line":13,"column":0},"end":{"line":13,"column":24}},"13":{"start":{"line":14,"column":0},"end":{"line":14,"column":24}},"14":{"start":{"line":15,"column":0},"end":{"line":15,"column":24}},"15":{"start":{"line":16,"column":0},"end":{"line":16,"column":24}},"16":{"start":{"line":17,"column":0},"end":{"line":17,"column":5}},"17":{"start":{"line":18,"column":0},"end":{"line":18,"column":0}},"18":{"start":{"line":19,"column":0},"end":{"line":19,"column":50}},"19":{"start":{"line":20,"column":0},"end":{"line":20,"column":1}}},"s":{"0":1,"1":1,"2":1,"3":1,"4":1,"5":1,"6":1,"7":1,"8":2,"9":2,"10":2,"11":2,"12":20,"13":20,"14":20,"15":20,"16":2,"17":2,"18":2,"19":2},"branchMap":{"0":{"type":"branch","line":8,"loc":{"start":{"line":8,"column":7},"end":{"line":20,"column":1}},"locations":[{"start":{"line":8,"column":7},"end":{"line":20,"column":1}}]},"1":{"type":"branch","line":19,"loc":{"start":{"line":19,"column":27},"end":{"line":19,"column":49}},"locations":[{"start":{"line":19,"column":27},"end":{"line":19,"column":49}}]},"2":{"type":"branch","line":12,"loc":{"start":{"line":12,"column":16},"end":{"line":17,"column":3}},"locations":[{"start":{"line":12,"column":16},"end":{"line":17,"column":3}}]},"3":{"type":"branch","line":13,"loc":{"start":{"line":13,"column":16},"end":{"line":13,"column":23}},"locations":[{"start":{"line":13,"column":16},"end":{"line":13,"column":23}}]},"4":{"type":"branch","line":14,"loc":{"start":{"line":14,"column":16},"end":{"line":14,"column":23}},"locations":[{"start":{"line":14,"column":16},"end":{"line":14,"column":23}}]},"5":{"type":"branch","line":15,"loc":{"start":{"line":15,"column":16},"end":{"line":15,"column":23}},"locations":[{"start":{"line":15,"column":16},"end":{"line":15,"column":23}}]},"6":{"type":"branch","line":16,"loc":{"start":{"line":16,"column":16},"end":{"line":16,"column":23}},"locations":[{"start":{"line":16,"column":16},"end":{"line":16,"column":23}}]}},"b":{"0":[2],"1":[1],"2":[20],"3":[11],"4":[9],"5":[0],"6":[0]},"fnMap":{"0":{"name":"isValidWalk","decl":{"start":{"line":8,"column":7},"end":{"line":20,"column":1}},"loc":{"start":{"line":8,"column":7},"end":{"line":20,"column":1}},"line":8}},"f":{"0":2}}
}
