TN:
SF:JavaScript/day1/disenvowel_trolls.js
FN:7,disemvowel
FNF:1
FNH:1
FNDA:2,disemvowel
DA:1,1
DA:2,1
DA:3,1
DA:4,1
DA:5,1
DA:6,1
DA:7,1
DA:8,2
DA:9,2
DA:10,2
LF:10
LH:10
BRDA:7,0,0,2
BRF:1
BRH:1
end_of_record
TN:
SF:JavaScript/day2/youreASquare.js
FN:1,isSquare
FNF:1
FNH:1
FNDA:3,isSquare
DA:1,1
DA:2,3
DA:3,2
DA:4,2
DA:5,2
DA:6,2
LF:6
LH:6
BRDA:1,0,0,3
BRDA:2,1,0,1
BRDA:2,2,0,2
BRF:3
BRH:3
end_of_record
TN:
SF:JavaScript/day3/highestAndLowest.js
FN:7,highAndLow
FNF:1
FNH:1
FNDA:2,highAndLow
DA:1,1
DA:2,1
DA:3,1
DA:4,1
DA:5,1
DA:6,1
DA:7,1
DA:8,2
DA:9,2
DA:10,2
DA:11,2
LF:11
LH:11
BRDA:7,0,0,2
BRF:1
BRH:1
end_of_record
TN:
SF:JavaScript/day4/toCamelCase.js
FN:4,toCamelCase
FNF:1
FNH:1
FNDA:4,toCamelCase
DA:1,1
DA:2,1
DA:3,1
DA:4,1
DA:5,4
DA:6,4
DA:7,4
LF:7
LH:7
BRDA:4,0,0,4
BRDA:6,1,0,6
BRF:2
BRH:2
end_of_record
TN:
SF:JavaScript/day5/arraySum.js
FN:13,maxSequence
FNF:1
FNH:1
FNDA:4,maxSequence
DA:1,1
DA:2,1
DA:3,1
DA:4,1
DA:5,1
DA:6,1
DA:7,1
DA:8,1
DA:9,1
DA:10,1
DA:11,1
DA:12,1
DA:13,1
DA:14,4
DA:15,4
DA:16,4
DA:17,4
DA:18,1
DA:19,1
DA:20,3
DA:21,3
DA:22,22
DA:23,22
DA:24,3
DA:25,3
DA:26,3
LF:26
LH:26
BRDA:13,0,0,4
BRDA:17,1,0,1
BRDA:19,2,0,3
BRDA:21,3,0,22
BRF:4
BRH:4
end_of_record
TN:
SF:JavaScript/day6/tenMinutesToWalk.js
FN:9,isValidWalk
FNF:1
FNH:1
FNDA:4,isValidWalk
DA:1,1
DA:2,1
DA:3,1
DA:4,1
DA:5,1
DA:6,1
DA:7,1
DA:8,1
DA:9,1
DA:10,4
DA:11,4
DA:12,4
DA:13,33
DA:14,33
DA:15,33
DA:16,33
DA:17,4
DA:18,4
DA:19,4
DA:20,4
LF:20
LH:20
BRDA:9,0,0,4
BRDA:19,1,0,3
BRDA:19,2,0,2
BRDA:12,3,0,33
BRDA:13,4,0,11
BRDA:14,5,0,9
BRDA:15,6,0,6
BRDA:16,7,0,7
BRF:8
BRH:8
end_of_record
