TN:
SF:JavaScript/day1/disenvowel_trolls.js
FN:7,disemvowel
FNF:1
FNH:1
FNDA:2,disemvowel
DA:1,1
DA:2,1
DA:3,1
DA:4,1
DA:5,1
DA:6,1
DA:7,1
DA:8,2
DA:9,2
DA:10,2
LF:10
LH:10
BRDA:7,0,0,2
BRF:1
BRH:1
end_of_record
TN:
SF:JavaScript/day2/youreASquare.js
FN:1,isSquare
FNF:1
FNH:1
FNDA:3,isSquare
DA:1,1
DA:2,3
DA:3,2
DA:4,2
DA:5,2
DA:6,2
LF:6
LH:6
BRDA:1,0,0,3
BRDA:2,1,0,1
BRDA:2,2,0,2
BRF:3
BRH:3
end_of_record
TN:
SF:JavaScript/day3/highestAndLowest.js
FN:7,highAndLow
FNF:1
FNH:1
FNDA:2,highAndLow
DA:1,1
DA:2,1
DA:3,1
DA:4,1
DA:5,1
DA:6,1
DA:7,1
DA:8,2
DA:9,2
DA:10,2
DA:11,2
LF:11
LH:11
BRDA:7,0,0,2
BRF:1
BRH:1
end_of_record
TN:
SF:JavaScript/day4/toCamelCase.js
FN:4,toCamelCase
FNF:1
FNH:1
FNDA:5,toCamelCase
DA:1,1
DA:2,1
DA:3,1
DA:4,1
DA:5,5
DA:6,5
DA:7,5
DA:8,1
DA:9,1
LF:9
LH:9
BRDA:4,0,0,5
BRDA:6,1,0,8
BRF:2
BRH:2
end_of_record
